c:\users\leimiche\source\vicondll\vicon_dll\release\vicon_dll.pch
c:\users\leimiche\source\vicondll\vicon_dll\release\vc140.pdb
c:\users\leimiche\source\vicondll\vicon_dll\release\pch.obj
c:\users\leimiche\source\vicondll\vicon_dll\release\vicon_dll.obj
c:\users\leimiche\source\vicondll\vicon_dll\release\dllmain.obj
c:\users\leimiche\source\vicondll\release\vicon_dll\vicon_dll.dll
c:\users\leimiche\source\vicondll\release\vicon_dll\vicon_dll.ipdb
c:\users\leimiche\source\vicondll\release\vicon_dll\vicon_dll.iobj
c:\users\leimiche\source\vicondll\vicon_dll\release\vicon_dll.dll.intermediate.manifest
c:\users\leimiche\source\vicondll\release\vicon_dll\vicon_dll.pdb
c:\users\leimiche\source\vicondll\release\vicon_dll\vicon_dll.manifest
c:\users\leimiche\source\vicondll\release\vicon_dll\vicon_dll.lib
c:\users\leimiche\source\vicondll\release\vicon_dll\vicon_dll.exp
c:\users\leimiche\source\vicondll\vicon_dll\release\vicon_dll.vcxprojresolveassemblyreference.cache
c:\users\leimiche\source\vicondll\vicon_dll\release\priconfig.xml
c:\users\leimiche\source\vicondll\vicon_dll\release\priconfig.xml.intermediate
c:\users\leimiche\source\vicondll\vicon_dll\release\layout.resfiles
c:\users\leimiche\source\vicondll\vicon_dll\release\layout.resfiles.intermediate
c:\users\leimiche\source\vicondll\vicon_dll\release\resources.resfiles
c:\users\leimiche\source\vicondll\vicon_dll\release\resources.resfiles.intermediate
c:\users\leimiche\source\vicondll\vicon_dll\release\pri.resfiles
c:\users\leimiche\source\vicondll\vicon_dll\release\pri.resfiles.intermediate
c:\users\leimiche\source\vicondll\release\vicon_dll\vicon_dll.pri
c:\users\leimiche\source\vicondll\vicon_dll\release\qualifiers.txt
c:\users\leimiche\source\vicondll\vicon_dll\release\qualifiers.txt.intermediate
c:\users\leimiche\source\vicondll\vicon_dll\release\multiplequalifiersperdimensionfound.txt
c:\users\leimiche\source\vicondll\vicon_dll\release\embed.resfiles
c:\users\leimiche\source\vicondll\vicon_dll\release\vicon_dll.tlog\cl.command.1.tlog
c:\users\leimiche\source\vicondll\vicon_dll\release\vicon_dll.tlog\cl.read.1.tlog
c:\users\leimiche\source\vicondll\vicon_dll\release\vicon_dll.tlog\cl.write.1.tlog
c:\users\leimiche\source\vicondll\vicon_dll\release\vicon_dll.tlog\link.command.1.tlog
c:\users\leimiche\source\vicondll\vicon_dll\release\vicon_dll.tlog\link.read.1.tlog
c:\users\leimiche\source\vicondll\vicon_dll\release\vicon_dll.tlog\link.write.1.tlog
c:\users\leimiche\source\vicondll\vicon_dll\release\vicon_dll.tlog\mt.command.1.tlog
c:\users\leimiche\source\vicondll\vicon_dll\release\vicon_dll.tlog\mt.read.1.tlog
c:\users\leimiche\source\vicondll\vicon_dll\release\vicon_dll.tlog\mt.write.1.tlog
c:\users\leimiche\source\vicondll\vicon_dll\release\vicon_dll.tlog\vicon_dll.read.1u.tlog
c:\users\leimiche\source\vicondll\vicon_dll\release\vicon_dll.tlog\vicon_dll.write.1u.tlog
